E:\ZILIAO\PROGRAM DEBUG\DATE SORTING\DATE SORTING\DEBUG\DATE SORTING.OBJ
E:\ZILIAO\PROGRAM DEBUG\DATE SORTING\DATE SORTING\DEBUG\GETFILENAME.OBJ
E:\ZILIAO\PROGRAM DEBUG\DATE SORTING\DATE SORTING\DEBUG\IOSGY.OBJ
E:\ZILIAO\PROGRAM DEBUG\DATE SORTING\DATE SORTING\DEBUG\SWAPBYTE.OBJ
E:\ZILIAO\PROGRAM DEBUG\DATE SORTING\DATE SORTING\DEBUG\VC110.PDB
E:\ZILIAO\PROGRAM DEBUG\DATE SORTING\DEBUG\DATE SORTING.ILK
E:\ZILIAO\PROGRAM DEBUG\DATE SORTING\DEBUG\DATE SORTING.EXE
E:\ZILIAO\PROGRAM DEBUG\DATE SORTING\DEBUG\DATE SORTING.PDB
E:\ziliao\program debug\Date sorting\Date sorting\Debug\Date sorting.obj
E:\ziliao\program debug\Date sorting\Date sorting\Debug\getfilename.obj
E:\ziliao\program debug\Date sorting\Date sorting\Debug\IOsgy.obj
E:\ziliao\program debug\Date sorting\Date sorting\Debug\swapbyte.obj
E:\ziliao\program debug\Date sorting\Date sorting\Debug\cl.command.1.tlog
E:\ziliao\program debug\Date sorting\Date sorting\Debug\CL.read.1.tlog
E:\ziliao\program debug\Date sorting\Date sorting\Debug\CL.write.1.tlog
E:\ziliao\program debug\Date sorting\Date sorting\Debug\link-cvtres.read.1.tlog
E:\ziliao\program debug\Date sorting\Date sorting\Debug\link-cvtres.write.1.tlog
E:\ziliao\program debug\Date sorting\Date sorting\Debug\link-rc.read.1.tlog
E:\ziliao\program debug\Date sorting\Date sorting\Debug\link-rc.write.1.tlog
E:\ziliao\program debug\Date sorting\Date sorting\Debug\link.command.1.tlog
E:\ziliao\program debug\Date sorting\Date sorting\Debug\link.read.1.tlog
E:\ziliao\program debug\Date sorting\Date sorting\Debug\link.write.1.tlog
E:\ziliao\program debug\Date sorting\Date sorting\Debug\vc110.idb
E:\ziliao\program debug\Date sorting\Date sorting\Debug\vc110.pdb
E:\ziliao\program debug\Date sorting\Debug\Date sorting.pdb
E:\ziliao\program debug\Date sorting\Debug\Date sorting.exe
E:\ziliao\program debug\Date sorting\Debug\Date sorting.ilk
